<!DOCTYPE html PUBLIC "-//W3C//DTD XHTML 1.1//EN" "http://www.w3.org/TR/xhtml11/DTD/xhtml11.dtd">
<html xmlns="http://www.w3.org/1999/xhtml"><head><title>TestNG Report</title><style type="text/css">table {margin-bottom:10px;border-collapse:collapse;empty-cells:show}th,td {border:1px solid #009;padding:.25em .5em}th {vertical-align:bottom}td {vertical-align:top}table a {font-weight:bold}.stripe td {background-color: #E6EBF9}.num {text-align:right}.passedodd td {background-color: #3F3}.passedeven td {background-color: #0A0}.skippedodd td {background-color: #DDD}.skippedeven td {background-color: #CCC}.failedodd td,.attn {background-color: #F33}.failedeven td,.stripe .attn {background-color: #D00}.stacktrace {white-space:pre;font-family:monospace}.totop {font-size:85%;text-align:center;border-bottom:2px solid #000}</style></head><body><table><tr><th>Test</th><th># Passed</th><th># Skipped</th><th># Failed</th><th>Time (ms)</th><th>Included Groups</th><th>Excluded Groups</th></tr><tr><th colspan="7">RetryMechanismImplementation</th></tr><tr><td><a href="#t0">Sanity Test</a></td><td class="num">1</td><td class="num attn">12</td><td class="num attn">4</td><td class="num">75</td><td></td><td></td></tr></table><table><thead><tr><th>Class</th><th>Method</th><th>Start</th><th>Time (ms)</th></tr></thead><tbody><tr><th colspan="4">RetryMechanismImplementation</th></tr></tbody><tbody id="t0"><tr><th colspan="4">Sanity Test &#8212; failed</th></tr><tr class="failedeven"><td rowspan="4">TestRetryAnalyzer.RunTimeRetryTest</td><td><a href="#m0">Test1</a></td><td rowspan="1">1619298540121</td><td rowspan="1">0</td></tr><tr class="failedeven"><td><a href="#m1">Test2</a></td><td rowspan="1">1619298540131</td><td rowspan="1">5</td></tr><tr class="failedeven"><td><a href="#m2">Test3</a></td><td rowspan="1">1619298540146</td><td rowspan="1">0</td></tr><tr class="failedeven"><td><a href="#m3">Test4</a></td><td rowspan="1">1619298540161</td><td rowspan="1">0</td></tr><tr><th colspan="4">Sanity Test &#8212; skipped</th></tr><tr class="skippedeven"><td rowspan="12">TestRetryAnalyzer.RunTimeRetryTest</td><td><a href="#m4">Test1</a></td><td rowspan="3">1619298540116</td><td rowspan="3">0</td></tr><tr class="skippedeven"><td><a href="#m5">Test1</a></td></tr><tr class="skippedeven"><td><a href="#m6">Test1</a></td></tr><tr class="skippedeven"><td><a href="#m7">Test2</a></td><td rowspan="3">1619298540131</td><td rowspan="3">0</td></tr><tr class="skippedeven"><td><a href="#m8">Test2</a></td></tr><tr class="skippedeven"><td><a href="#m9">Test2</a></td></tr><tr class="skippedeven"><td><a href="#m10">Test3</a></td><td rowspan="3">1619298540136</td><td rowspan="3">0</td></tr><tr class="skippedeven"><td><a href="#m11">Test3</a></td></tr><tr class="skippedeven"><td><a href="#m12">Test3</a></td></tr><tr class="skippedeven"><td><a href="#m13">Test4</a></td><td rowspan="3">1619298540156</td><td rowspan="3">0</td></tr><tr class="skippedeven"><td><a href="#m14">Test4</a></td></tr><tr class="skippedeven"><td><a href="#m15">Test4</a></td></tr><tr><th colspan="4">Sanity Test &#8212; passed</th></tr><tr class="passedeven"><td rowspan="1">TestRetryAnalyzer.RunTimeRetryTest</td><td><a href="#m16">Test5</a></td><td rowspan="1">1619298540161</td><td rowspan="1">0</td></tr></tbody></table><h2>Sanity Test</h2><h3 id="m0">TestRetryAnalyzer.RunTimeRetryTest#Test1</h3><table class="result"><tr><th>Exception</th></tr><tr><td><div class="stacktrace">java.lang.AssertionError: expected [false] but found [true]
	at TestRetryAnalyzer.RunTimeRetryTest.Test1(RunTimeRetryTest.java:13)
... Removed 31 stack frames</div></td></tr></table><p class="totop"><a href="#summary">back to summary</a></p><h3 id="m1">TestRetryAnalyzer.RunTimeRetryTest#Test2</h3><table class="result"><tr><th>Exception</th></tr><tr><td><div class="stacktrace">java.lang.AssertionError: expected [false] but found [true]
	at TestRetryAnalyzer.RunTimeRetryTest.Test2(RunTimeRetryTest.java:19)
... Removed 31 stack frames</div></td></tr></table><p class="totop"><a href="#summary">back to summary</a></p><h3 id="m2">TestRetryAnalyzer.RunTimeRetryTest#Test3</h3><table class="result"><tr><th>Exception</th></tr><tr><td><div class="stacktrace">java.lang.AssertionError: expected [false] but found [true]
	at TestRetryAnalyzer.RunTimeRetryTest.Test3(RunTimeRetryTest.java:25)
... Removed 31 stack frames</div></td></tr></table><p class="totop"><a href="#summary">back to summary</a></p><h3 id="m3">TestRetryAnalyzer.RunTimeRetryTest#Test4</h3><table class="result"><tr><th>Exception</th></tr><tr><td><div class="stacktrace">java.lang.AssertionError: expected [false] but found [true]
	at TestRetryAnalyzer.RunTimeRetryTest.Test4(RunTimeRetryTest.java:31)
... Removed 31 stack frames</div></td></tr></table><p class="totop"><a href="#summary">back to summary</a></p><h3 id="m4">TestRetryAnalyzer.RunTimeRetryTest#Test1</h3><table class="result"><tr><th>Exception</th></tr><tr><td><div class="stacktrace">java.lang.AssertionError: expected [false] but found [true]
	at TestRetryAnalyzer.RunTimeRetryTest.Test1(RunTimeRetryTest.java:13)
... Removed 31 stack frames</div></td></tr></table><p class="totop"><a href="#summary">back to summary</a></p><h3 id="m5">TestRetryAnalyzer.RunTimeRetryTest#Test1</h3><table class="result"><tr><th>Exception</th></tr><tr><td><div class="stacktrace">java.lang.AssertionError: expected [false] but found [true]
	at TestRetryAnalyzer.RunTimeRetryTest.Test1(RunTimeRetryTest.java:13)
... Removed 31 stack frames</div></td></tr></table><p class="totop"><a href="#summary">back to summary</a></p><h3 id="m6">TestRetryAnalyzer.RunTimeRetryTest#Test1</h3><table class="result"><tr><th>Exception</th></tr><tr><td><div class="stacktrace">java.lang.AssertionError: expected [false] but found [true]
	at TestRetryAnalyzer.RunTimeRetryTest.Test1(RunTimeRetryTest.java:13)
... Removed 31 stack frames</div></td></tr></table><p class="totop"><a href="#summary">back to summary</a></p><h3 id="m7">TestRetryAnalyzer.RunTimeRetryTest#Test2</h3><table class="result"><tr><th>Exception</th></tr><tr><td><div class="stacktrace">java.lang.AssertionError: expected [false] but found [true]
	at TestRetryAnalyzer.RunTimeRetryTest.Test2(RunTimeRetryTest.java:19)
... Removed 31 stack frames</div></td></tr></table><p class="totop"><a href="#summary">back to summary</a></p><h3 id="m8">TestRetryAnalyzer.RunTimeRetryTest#Test2</h3><table class="result"><tr><th>Exception</th></tr><tr><td><div class="stacktrace">java.lang.AssertionError: expected [false] but found [true]
	at TestRetryAnalyzer.RunTimeRetryTest.Test2(RunTimeRetryTest.java:19)
... Removed 31 stack frames</div></td></tr></table><p class="totop"><a href="#summary">back to summary</a></p><h3 id="m9">TestRetryAnalyzer.RunTimeRetryTest#Test2</h3><table class="result"><tr><th>Exception</th></tr><tr><td><div class="stacktrace">java.lang.AssertionError: expected [false] but found [true]
	at TestRetryAnalyzer.RunTimeRetryTest.Test2(RunTimeRetryTest.java:19)
... Removed 31 stack frames</div></td></tr></table><p class="totop"><a href="#summary">back to summary</a></p><h3 id="m10">TestRetryAnalyzer.RunTimeRetryTest#Test3</h3><table class="result"><tr><th>Exception</th></tr><tr><td><div class="stacktrace">java.lang.AssertionError: expected [false] but found [true]
	at TestRetryAnalyzer.RunTimeRetryTest.Test3(RunTimeRetryTest.java:25)
... Removed 31 stack frames</div></td></tr></table><p class="totop"><a href="#summary">back to summary</a></p><h3 id="m11">TestRetryAnalyzer.RunTimeRetryTest#Test3</h3><table class="result"><tr><th>Exception</th></tr><tr><td><div class="stacktrace">java.lang.AssertionError: expected [false] but found [true]
	at TestRetryAnalyzer.RunTimeRetryTest.Test3(RunTimeRetryTest.java:25)
... Removed 31 stack frames</div></td></tr></table><p class="totop"><a href="#summary">back to summary</a></p><h3 id="m12">TestRetryAnalyzer.RunTimeRetryTest#Test3</h3><table class="result"><tr><th>Exception</th></tr><tr><td><div class="stacktrace">java.lang.AssertionError: expected [false] but found [true]
	at TestRetryAnalyzer.RunTimeRetryTest.Test3(RunTimeRetryTest.java:25)
... Removed 31 stack frames</div></td></tr></table><p class="totop"><a href="#summary">back to summary</a></p><h3 id="m13">TestRetryAnalyzer.RunTimeRetryTest#Test4</h3><table class="result"><tr><th>Exception</th></tr><tr><td><div class="stacktrace">java.lang.AssertionError: expected [false] but found [true]
	at TestRetryAnalyzer.RunTimeRetryTest.Test4(RunTimeRetryTest.java:31)
... Removed 31 stack frames</div></td></tr></table><p class="totop"><a href="#summary">back to summary</a></p><h3 id="m14">TestRetryAnalyzer.RunTimeRetryTest#Test4</h3><table class="result"><tr><th>Exception</th></tr><tr><td><div class="stacktrace">java.lang.AssertionError: expected [false] but found [true]
	at TestRetryAnalyzer.RunTimeRetryTest.Test4(RunTimeRetryTest.java:31)
... Removed 31 stack frames</div></td></tr></table><p class="totop"><a href="#summary">back to summary</a></p><h3 id="m15">TestRetryAnalyzer.RunTimeRetryTest#Test4</h3><table class="result"><tr><th>Exception</th></tr><tr><td><div class="stacktrace">java.lang.AssertionError: expected [false] but found [true]
	at TestRetryAnalyzer.RunTimeRetryTest.Test4(RunTimeRetryTest.java:31)
... Removed 31 stack frames</div></td></tr></table><p class="totop"><a href="#summary">back to summary</a></p><h3 id="m16">TestRetryAnalyzer.RunTimeRetryTest#Test5</h3><table class="result"></table><p class="totop"><a href="#summary">back to summary</a></p></body></html>